[THU FEB 12 17:38:10 BOT 2015] CREACION LOG DE PROGRAMA "CLINICA.LOG"
[THU FEB 12 17:38:10 BOT 2015] INICIO DEL PROGRAMA
[FRI FEB 13 14:21:45 BOT 2015] INICIO DEL PROGRAMA
[FRI FEB 13 14:22:37 BOT 2015] INICIO DEL PROGRAMA
[FRI FEB 13 16:01:18 BOT 2015] INICIO DEL PROGRAMA
[FRI FEB 13 16:01:55 BOT 2015] INICIO DEL PROGRAMA
[FRI FEB 13 16:05:14 BOT 2015] INICIO DEL PROGRAMA
[FRI FEB 13 16:05:39 BOT 2015] INICIO DEL PROGRAMA
[FRI FEB 13 16:06:28 BOT 2015] INICIO DEL PROGRAMA
[FRI FEB 13 16:07:35 BOT 2015] INICIO DEL PROGRAMA
[FRI FEB 13 17:08:50 BOT 2015] INICIO DEL PROGRAMA
[FRI FEB 13 17:09:11 BOT 2015] INICIO DEL PROGRAMA
[FRI FEB 13 17:23:37 BOT 2015] INICIO DEL PROGRAMA
[FRI FEB 13 17:24:21 BOT 2015] INICIO DEL PROGRAMA
[FRI FEB 13 17:24:37 BOT 2015] INICIO DEL PROGRAMA
[FRI FEB 13 17:25:06 BOT 2015] INICIO DEL PROGRAMA
[FRI FEB 13 17:25:30 BOT 2015] INICIO DEL PROGRAMA
[FRI FEB 13 17:25:55 BOT 2015] INICIO DEL PROGRAMA
[FRI FEB 13 17:26:27 BOT 2015] INICIO DEL PROGRAMA
[FRI FEB 13 17:26:51 BOT 2015] INICIO DEL PROGRAMA
[FRI FEB 13 17:27:36 BOT 2015] INICIO DEL PROGRAMA
[FRI FEB 13 17:28:16 BOT 2015] INICIO DEL PROGRAMA
[SAT FEB 14 02:19:36 BOT 2015] INICIO DEL PROGRAMA
[SAT FEB 14 02:19:57 BOT 2015] USUARIO REGISTRADO EN LA BASE DE DATOS ->USUARIO{ID=0, USER=GAVO, ESTADO=0, PERSONA=PERSONA{CI:5880069, NOMBRE:GUSTAVO VARGAS MIRANDA}}
[SAT FEB 14 12:59:18 BOT 2015] INICIO DEL PROGRAMA
[SAT FEB 14 13:03:32 BOT 2015] INICIO DEL PROGRAMA
[SAT FEB 14 13:04:09 BOT 2015] INICIO DEL PROGRAMA
[SAT FEB 14 13:07:26 BOT 2015] INICIO DEL PROGRAMA
[SAT FEB 14 13:07:27 BOT 2015] ERROR AL EJECUTAR SQL :'SELECT * FROM USUARIOS WHERE ID_US = '1'' :TABLE 'CLINICA.USUARIOS' DOESN'T EXIST
[SAT FEB 14 13:08:01 BOT 2015] INICIO DEL PROGRAMA
[SAT FEB 14 14:54:55 BOT 2015] INICIO DEL PROGRAMA
[SAT FEB 14 14:55:01 BOT 2015] ERROR AL EJECUTAR SQL :'UPDATE USUARIO SET `USER`='GAVO', `PASS`='103C8CB79DAA65B011FA8F0813DFD7A1E7DE56A4',`TIPO`='2',`CI`='5880069',`ESTADO`='1' WHERE `ID`='1'' :UNKNOWN COLUMN 'ID' IN 'WHERE CLAUSE'
[SAT FEB 14 14:55:01 BOT 2015] ERROR: NO SE PUDO MODIFICAR EL USUARIO GAVO EN LA BASE DE DATOS
[SAT FEB 14 14:55:26 BOT 2015] INICIO DEL PROGRAMA
[SAT FEB 14 14:55:32 BOT 2015] USUARIO MODIFICADO EN LA BASE DE DATOS ->USUARIO{ID=1, USER=GAVO, ESTADO=1, PERSONA=PERSONA{CI:5880069, NOMBRE:GUSTAVO VARGAS MIRANDA}}
[SAT FEB 14 15:08:17 BOT 2015] INICIO DEL PROGRAMA
[SAT FEB 14 15:08:19 BOT 2015] NO SE PUEDE REGISTRAR LOS DATOS DEL USUARIO ->USUARIO{ID=0, USER=GAVO, ESTADO=0, PERSONA=PERSONA{CI:5880069, NOMBRE:GUSTAVO VARGAS MIRANDA}} PORQUE EL NOMBRE DE USUARIO ESTA SIENDO UTILIZADO
[SAT FEB 14 17:23:49 BOT 2015] INICIO DEL PROGRAMA
[SAT FEB 14 17:24:01 BOT 2015] INTENTO FALLIDO PARA INICIAR SECION DEL USUARIO ->GAVO
[SAT FEB 14 17:24:04 BOT 2015] INTENTO FALLIDO PARA INICIAR SECION DEL USUARIO ->GAVO
[SAT FEB 14 17:24:06 BOT 2015] CIERRE DEL PROGRAMA POR NUMERO DE INTENTOS SUPERADOS ->GAVO
[SAT FEB 14 17:24:32 BOT 2015] INICIO DEL PROGRAMA
[SAT FEB 14 17:24:48 BOT 2015] INTENTO FALLIDO PARA INICIAR SECION DEL USUARIO ->GAVO
[SAT FEB 14 17:28:34 BOT 2015] INICIO DEL PROGRAMA
[SAT FEB 14 17:30:57 BOT 2015] INICIO DEL PROGRAMA
[SAT FEB 14 17:31:07 BOT 2015] SESION INICIADA POR EL USUARIO ->USUARIO{ID=1, USER=GAVO, ESTADO=1, PERSONA=PERSONA{CI:5880069, NOMBRE:GUSTAVO VARGAS MIRANDA}}
[SAT FEB 14 19:19:10 BOT 2015] INICIO DEL PROGRAMA
[SAT FEB 14 19:19:15 BOT 2015] ESPECIALIDAD REGISTRADA EN LA BASE DE DATOS ->ESPECIALIDAD{ID_ES=0, NOMBRE=MEDICINA GENERAL, COSTO=50.0}
[SAT FEB 14 22:40:08 BOT 2015] INICIO DEL PROGRAMA
[SAT FEB 14 22:40:45 BOT 2015] INICIO DEL PROGRAMA
[SAT FEB 14 22:47:58 BOT 2015] INICIO DEL PROGRAMA
[SAT FEB 14 22:53:06 BOT 2015] INICIO DEL PROGRAMA
[SAT FEB 14 22:54:04 BOT 2015] INICIO DEL PROGRAMA
[SAT FEB 14 22:54:25 BOT 2015] ESPECIALIDAD REGISTRADA EN LA BASE DE DATOS ->ESPECIALIDAD{ID_ES=0, NOMBRE=GINECOLOGIA, COSTO=50.0}
[SAT FEB 14 22:54:33 BOT 2015] INICIO DEL PROGRAMA
[SAT FEB 14 22:55:01 BOT 2015] INICIO DEL PROGRAMA
[SAT FEB 14 22:55:29 BOT 2015] ESPECIALIDAD REGISTRADA EN LA BASE DE DATOS ->ESPECIALIDAD{ID_ES=0, NOMBRE=PEDIATRIA, COSTO=50.0}
[SAT FEB 14 22:56:23 BOT 2015] INICIO DEL PROGRAMA
[SAT FEB 14 22:56:50 BOT 2015] ESPECIALIDAD REGISTRADA EN LA BASE DE DATOS ->ESPECIALIDAD{ID_ES=0, NOMBRE=ENFERMERIA, COSTO=20.0}
[SAT FEB 14 22:57:18 BOT 2015] ESPECIALIDAD ACTUALIDADA EN LA BASE DE DATOS ->ESPECIALIDAD{ID_ES=4, NOMBRE=ENFERMERIA, COSTO=30.0}
[MON FEB 16 15:49:47 BOT 2015] INICIO DEL PROGRAMA
[MON FEB 16 15:50:02 BOT 2015] ESPECIALIDAD ESPECIALIDAD{ID_ES=1, NOMBRE=MEDICINA GENERAL, COSTO=50.0} REGISTRADA PARA EL USUARIOUSUARIO{ID=1, USER=GAVO, ESTADO=1, PERSONA=PERSONA{CI:5880069, NOMBRE:GUSTAVO VARGAS MIRANDA}} EN LA BASE DE DATOS
[MON FEB 16 15:51:26 BOT 2015] INICIO DEL PROGRAMA
[MON FEB 16 15:51:35 BOT 2015] ESPECIALIDAD ESPECIALIDAD{ID_ES=1, NOMBRE=MEDICINA GENERAL, COSTO=50.0} ACTIVADA PARA EL USUARIOUSUARIO{ID=1, USER=GAVO, ESTADO=1, PERSONA=PERSONA{CI:5880069, NOMBRE:GUSTAVO VARGAS MIRANDA}} EN LA BASE DE DATOS
[MON FEB 16 15:51:50 BOT 2015] INICIO DEL PROGRAMA
[MON FEB 16 15:51:56 BOT 2015] ESPECIALIDAD ESPECIALIDAD{ID_ES=1, NOMBRE=MEDICINA GENERAL, COSTO=50.0} ACTIVADA PARA EL USUARIOUSUARIO{ID=1, USER=GAVO, ESTADO=1, PERSONA=PERSONA{CI:5880069, NOMBRE:GUSTAVO VARGAS MIRANDA}} EN LA BASE DE DATOS
[MON FEB 16 15:53:17 BOT 2015] INICIO DEL PROGRAMA
[MON FEB 16 15:53:25 BOT 2015] ESPECIALIDAD ESPECIALIDAD{ID_ES=1, NOMBRE=MEDICINA GENERAL, COSTO=50.0} DESACTIVADA PARA EL USUARIOUSUARIO{ID=1, USER=GAVO, ESTADO=1, PERSONA=PERSONA{CI:5880069, NOMBRE:GUSTAVO VARGAS MIRANDA}} EN LA BASE DE DATOS
[MON FEB 16 15:53:34 BOT 2015] INICIO DEL PROGRAMA
[MON FEB 16 15:53:43 BOT 2015] ESPECIALIDAD ESPECIALIDAD{ID_ES=1, NOMBRE=MEDICINA GENERAL, COSTO=50.0} DESACTIVADA PARA EL USUARIOUSUARIO{ID=1, USER=GAVO, ESTADO=1, PERSONA=PERSONA{CI:5880069, NOMBRE:GUSTAVO VARGAS MIRANDA}} EN LA BASE DE DATOS
[MON FEB 16 15:55:17 BOT 2015] INICIO DEL PROGRAMA
[MON FEB 16 15:55:27 BOT 2015] ESPECIALIDAD ESPECIALIDAD{ID_ES=1, NOMBRE=MEDICINA GENERAL, COSTO=50.0} DESACTIVADA PARA EL USUARIOUSUARIO{ID=1, USER=GAVO, ESTADO=1, PERSONA=PERSONA{CI:5880069, NOMBRE:GUSTAVO VARGAS MIRANDA}} EN LA BASE DE DATOS
[MON FEB 16 15:55:40 BOT 2015] INICIO DEL PROGRAMA
[MON FEB 16 15:55:48 BOT 2015] ESPECIALIDAD ESPECIALIDAD{ID_ES=1, NOMBRE=MEDICINA GENERAL, COSTO=50.0} DESACTIVADA PARA EL USUARIOUSUARIO{ID=1, USER=GAVO, ESTADO=1, PERSONA=PERSONA{CI:5880069, NOMBRE:GUSTAVO VARGAS MIRANDA}} EN LA BASE DE DATOS
[MON FEB 16 17:15:25 BOT 2015] INICIO DEL PROGRAMA
[MON FEB 16 17:15:31 BOT 2015] ESPECIALIDAD ESPECIALIDAD{ID_ES=1, NOMBRE=MEDICINA GENERAL, COSTO=50.0} ACTIVADA PARA EL USUARIOUSUARIO{ID=1, USER=GAVO, ESTADO=1, PERSONA=PERSONA{CI:5880069, NOMBRE:GUSTAVO VARGAS MIRANDA}} EN LA BASE DE DATOS
[MON FEB 16 17:15:38 BOT 2015] INICIO DEL PROGRAMA
[MON FEB 16 17:15:45 BOT 2015] ESPECIALIDAD ESPECIALIDAD{ID_ES=1, NOMBRE=MEDICINA GENERAL, COSTO=50.0} DESACTIVADA PARA EL USUARIOUSUARIO{ID=1, USER=GAVO, ESTADO=1, PERSONA=PERSONA{CI:5880069, NOMBRE:GUSTAVO VARGAS MIRANDA}} EN LA BASE DE DATOS
[MON FEB 16 17:15:53 BOT 2015] INICIO DEL PROGRAMA
[MON FEB 16 17:16:00 BOT 2015] ESPECIALIDAD ESPECIALIDAD{ID_ES=1, NOMBRE=MEDICINA GENERAL, COSTO=50.0} ACTIVADA PARA EL USUARIOUSUARIO{ID=1, USER=GAVO, ESTADO=1, PERSONA=PERSONA{CI:5880069, NOMBRE:GUSTAVO VARGAS MIRANDA}} EN LA BASE DE DATOS
[MON FEB 16 17:16:08 BOT 2015] INICIO DEL PROGRAMA
[MON FEB 16 17:16:14 BOT 2015] ESPECIALIDAD ESPECIALIDAD{ID_ES=1, NOMBRE=MEDICINA GENERAL, COSTO=50.0} DESACTIVADA PARA EL USUARIOUSUARIO{ID=1, USER=GAVO, ESTADO=1, PERSONA=PERSONA{CI:5880069, NOMBRE:GUSTAVO VARGAS MIRANDA}} EN LA BASE DE DATOS
[MON FEB 16 17:16:39 BOT 2015] INICIO DEL PROGRAMA
[MON FEB 16 17:16:44 BOT 2015] ESPECIALIDAD ESPECIALIDAD{ID_ES=1, NOMBRE=MEDICINA GENERAL, COSTO=50.0} ACTIVADA PARA EL USUARIOUSUARIO{ID=1, USER=GAVO, ESTADO=1, PERSONA=PERSONA{CI:5880069, NOMBRE:GUSTAVO VARGAS MIRANDA}} EN LA BASE DE DATOS
[MON FEB 16 17:16:54 BOT 2015] INICIO DEL PROGRAMA
[MON FEB 16 17:16:56 BOT 2015] ERROR: NO ES NECESARIO REGISTRAR LA ESPECIALIDAD MEDICINA GENERAL EN LA BASE DE DATOS PARA EL USUARIO USUARIO{ID=1, USER=GAVO, ESTADO=1, PERSONA=PERSONA{CI:5880069, NOMBRE:GUSTAVO VARGAS MIRANDA}} PORQUE YA ESTA REGISTRADA Y ACTIVA DICHA ESPECIALIDAD PARA EL USUARIO
[MON FEB 16 20:03:30 BOT 2015] INICIO DEL PROGRAMA
[MON FEB 16 21:44:23 BOT 2015] INICIO DEL PROGRAMA
[MON FEB 16 21:46:40 BOT 2015] INICIO DEL PROGRAMA
[MON FEB 16 21:49:08 BOT 2015] INICIO DEL PROGRAMA
[MON FEB 16 21:53:45 BOT 2015] INICIO DEL PROGRAMA
[MON FEB 16 21:54:44 BOT 2015] PERSONA REGISTRADA->PERSONA{CI:1234567, NOMBRE:NELZON  BAUTISTA B}
[MON FEB 16 21:57:01 BOT 2015] INICIO DEL PROGRAMA
[MON FEB 16 22:12:03 BOT 2015] INICIO DEL PROGRAMA
[TUE FEB 17 15:03:46 BOT 2015] INICIO DEL PROGRAMA
[TUE FEB 17 15:04:45 BOT 2015] PERSONA REGISTRADA->PERSONA{CI:1111111, NOMBRE:FULANITO DE TAL Y CUAL}
[TUE FEB 17 15:09:42 BOT 2015] INICIO DEL PROGRAMA
[TUE FEB 17 15:11:23 BOT 2015] INICIO DEL PROGRAMA
[TUE FEB 17 15:12:16 BOT 2015] PERSONA REGISTRADA->PERSONA{CI:7777777, NOMBRE:MARIO MORENO CANTINFLAS}
[TUE FEB 17 16:16:36 BOT 2015] INICIO DEL PROGRAMA
[TUE FEB 17 16:57:42 BOT 2015] INICIO DEL PROGRAMA
[TUE FEB 17 17:02:31 BOT 2015] INICIO DEL PROGRAMA
[TUE FEB 17 17:05:29 BOT 2015] INICIO DEL PROGRAMA
[TUE FEB 17 17:07:09 BOT 2015] INICIO DEL PROGRAMA
[TUE FEB 17 17:07:58 BOT 2015] ERROR: EL USUARIO NULL ESCRIBIO VALORES DIFERENTES EN CONTRASEÑA Y VALIDACION DE CONTRASEÑA
[TUE FEB 17 17:08:13 BOT 2015] USUARIO REGISTRADO EN LA BASE DE DATOS ->USUARIO{ID=0, USER=ADMIN, ESTADO=1, PERSONA=PERSONA{CI:5822389, NOMBRE:GREGORIO VARGAS MIRANDA}}
[TUE FEB 17 17:08:31 BOT 2015] NO SE PUEDE ACTUALIZAR LOS DATOS DEL USUARIO ->USUARIO{ID=0, USER=ADMIN, ESTADO=0, PERSONA=PERSONA{CI:5822389, NOMBRE:GREGORIO VARGAS MIRANDA}} PORQUE LOS DATOS YA ESTAN SIENDO UTILIZADOS
[TUE FEB 17 17:08:44 BOT 2015] ERROR: EL USUARIO NULL ESCRIBIO VALORES DIFERENTES EN CONTRASEÑA Y VALIDACION DE CONTRASEÑA
[TUE FEB 17 17:08:51 BOT 2015] NO SE PUEDE ACTUALIZAR LOS DATOS DEL USUARIO ->USUARIO{ID=2, USER=ADMIN, ESTADO=0, PERSONA=PERSONA{CI:5822389, NOMBRE:GREGORIO VARGAS MIRANDA}} PORQUE LOS DATOS YA ESTAN SIENDO UTILIZADOS
[TUE FEB 17 17:08:56 BOT 2015] NO SE PUEDE ACTUALIZAR LOS DATOS DEL USUARIO ->USUARIO{ID=2, USER=ADMIN, ESTADO=0, PERSONA=PERSONA{CI:5822389, NOMBRE:GREGORIO VARGAS MIRANDA}} PORQUE LOS DATOS YA ESTAN SIENDO UTILIZADOS
[TUE FEB 17 17:10:25 BOT 2015] NO SE PUEDE ACTUALIZAR LOS DATOS DEL USUARIO ->USUARIO{ID=2, USER=ADMIN, ESTADO=0, PERSONA=PERSONA{CI:5822389, NOMBRE:GREGORIO VARGAS MIRANDA}} PORQUE LOS DATOS YA ESTAN SIENDO UTILIZADOS
[TUE FEB 17 17:10:49 BOT 2015] INICIO DEL PROGRAMA
[TUE FEB 17 17:11:14 BOT 2015] ERROR: EL USUARIO NULL INTENTO REGISTRAR UNA CUENTA SIN ASIGNARLE UNA PERSONA COMO DUEÑA DE LA CUENTA
[TUE FEB 17 17:11:23 BOT 2015] NO SE PUEDE ACTUALIZAR LOS DATOS DEL USUARIO ->USUARIO{ID=1, USER=GAVO, ESTADO=1, PERSONA=PERSONA{CI:5880069, NOMBRE:GUSTAVO VARGAS MIRANDA}} PORQUE LOS DATOS YA ESTAN SIENDO UTILIZADOS
[TUE FEB 17 17:11:28 BOT 2015] NO SE PUEDE ACTUALIZAR LOS DATOS DEL USUARIO ->USUARIO{ID=1, USER=GAVO, ESTADO=1, PERSONA=PERSONA{CI:5880069, NOMBRE:GUSTAVO VARGAS MIRANDA}} PORQUE LOS DATOS YA ESTAN SIENDO UTILIZADOS
[TUE FEB 17 17:11:31 BOT 2015] NO SE PUEDE ACTUALIZAR LOS DATOS DEL USUARIO ->USUARIO{ID=1, USER=GAVO, ESTADO=1, PERSONA=PERSONA{CI:5880069, NOMBRE:GUSTAVO VARGAS MIRANDA}} PORQUE LOS DATOS YA ESTAN SIENDO UTILIZADOS
[TUE FEB 17 17:13:10 BOT 2015] INICIO DEL PROGRAMA
[TUE FEB 17 17:13:49 BOT 2015] ERROR: EL USUARIO NULL INTENTO REGISTRAR UNA CUENTA SIN ASIGNARLE UNA PERSONA COMO DUEÑA DE LA CUENTA
[TUE FEB 17 17:14:01 BOT 2015] USUARIO MODIFICADO EN LA BASE DE DATOS ->USUARIO{ID=1, USER=GAVO, ESTADO=1, PERSONA=PERSONA{CI:5880069, NOMBRE:GUSTAVO VARGAS MIRANDA}}
[TUE FEB 17 17:20:11 BOT 2015] INICIO DEL PROGRAMA
[TUE FEB 17 17:20:31 BOT 2015] ERROR: EL USUARIO NULL ESCRIBIO VALORES DIFERENTES EN CONTRASEÑA Y VALIDACION DE CONTRASEÑA
[TUE FEB 17 17:20:41 BOT 2015] USUARIO MODIFICADO EN LA BASE DE DATOS ->USUARIO{ID=2, USER=ADMIN, ESTADO=0, PERSONA=PERSONA{CI:5822389, NOMBRE:GREGORIO VARGAS MIRANDA}}
[TUE FEB 17 17:24:16 BOT 2015] INICIO DEL PROGRAMA
[TUE FEB 17 17:24:32 BOT 2015] USUARIO MODIFICADO EN LA BASE DE DATOS ->USUARIO{ID=2, USER=ADMIN, ESTADO=1, PERSONA=PERSONA{CI:5822389, NOMBRE:GREGORIO VARGAS MIRANDA}}
[TUE FEB 17 17:25:00 BOT 2015] INICIO DEL PROGRAMA
[TUE FEB 17 17:25:14 BOT 2015] USUARIO MODIFICADO EN LA BASE DE DATOS ->USUARIO{ID=2, USER=ADMIN, ESTADO=0, PERSONA=PERSONA{CI:5822389, NOMBRE:GREGORIO VARGAS MIRANDA}}
[TUE FEB 17 17:25:19 BOT 2015] USUARIO MODIFICADO EN LA BASE DE DATOS ->USUARIO{ID=2, USER=ADMIN, ESTADO=1, PERSONA=PERSONA{CI:5822389, NOMBRE:GREGORIO VARGAS MIRANDA}}
[TUE FEB 17 17:26:45 BOT 2015] INICIO DEL PROGRAMA
[TUE FEB 17 17:27:04 BOT 2015] USUARIO MODIFICADO EN LA BASE DE DATOS ->USUARIO{ID=1, USER=GAVO, ESTADO=1, PERSONA=PERSONA{CI:5880069, NOMBRE:GUSTAVO VARGAS MIRANDA}}
[TUE FEB 17 17:28:14 BOT 2015] INICIO DEL PROGRAMA
[WED FEB 18 12:06:24 BOT 2015] INICIO DEL PROGRAMA
[WED FEB 18 12:09:31 BOT 2015] INICIO DEL PROGRAMA
[WED FEB 18 12:11:24 BOT 2015] INICIO DEL PROGRAMA
[WED FEB 18 12:12:43 BOT 2015] INICIO DEL PROGRAMA
[WED FEB 18 12:13:10 BOT 2015] ESPECIALIDAD ACTUALIDADA EN LA BASE DE DATOS ->ESPECIALIDAD{ID_ES=4, NOMBRE=ENFERMERIA, COSTO=25.0}
[WED FEB 18 12:14:19 BOT 2015] INICIO DEL PROGRAMA
[WED FEB 18 12:14:34 BOT 2015] ESPECIALIDAD ACTUALIDADA EN LA BASE DE DATOS ->ESPECIALIDAD{ID_ES=1, NOMBRE=MEDICINA GENERAL, COSTO=50.0}
[WED FEB 18 13:43:36 BOT 2015] INICIO DEL PROGRAMA
[WED FEB 18 13:44:25 BOT 2015] INICIO DEL PROGRAMA
[WED FEB 18 13:45:20 BOT 2015] INICIO DEL PROGRAMA
[WED FEB 18 13:46:31 BOT 2015] INICIO DEL PROGRAMA
[WED FEB 18 13:47:35 BOT 2015] INICIO DEL PROGRAMA
[WED FEB 18 15:46:19 BOT 2015] INICIO DEL PROGRAMA
[WED FEB 18 15:47:34 BOT 2015] INICIO DEL PROGRAMA
[WED FEB 18 15:49:58 BOT 2015] INICIO DEL PROGRAMA
[WED FEB 18 15:52:24 BOT 2015] INICIO DEL PROGRAMA
[WED FEB 18 16:01:10 BOT 2015] INICIO DEL PROGRAMA
[WED FEB 18 16:13:26 BOT 2015] INICIO DEL PROGRAMA
[WED FEB 18 16:15:42 BOT 2015] INICIO DEL PROGRAMA
[WED FEB 18 16:15:53 BOT 2015] ESPECIALIDAD ESPECIALIDAD{ID_ES=1, NOMBRE=MEDICINA GENERAL, COSTO=50.0} REGISTRADA PARA EL USUARIOUSUARIO{ID=2, USER=ADMIN, ESTADO=1, PERSONA=PERSONA{CI:5822389, NOMBRE:GREGORIO VARGAS MIRANDA}} EN LA BASE DE DATOS
[WED FEB 18 16:28:12 BOT 2015] INICIO DEL PROGRAMA
[WED FEB 18 16:30:06 BOT 2015] INICIO DEL PROGRAMA
[WED FEB 18 16:31:58 BOT 2015] INICIO DEL PROGRAMA
[WED FEB 18 16:32:30 BOT 2015] ESPECIALIDAD ACTUALIDADA EN LA BASE DE DATOS ->ESPECIALIDAD{ID_ES=1, NOMBRE=MEDICINA GENERAL, COSTO=50.0}
[WED FEB 18 16:35:06 BOT 2015] INICIO DEL PROGRAMA
[WED FEB 18 16:36:06 BOT 2015] INICIO DEL PROGRAMA
[WED FEB 18 16:36:18 BOT 2015] ESPECIALIDAD ESPECIALIDAD{ID_ES=1, NOMBRE=MEDICINA GENERAL, COSTO=50.0} DESACTIVADA PARA EL USUARIOUSUARIO{ID=2, USER=ADMIN, ESTADO=1, PERSONA=PERSONA{CI:5822389, NOMBRE:GREGORIO VARGAS MIRANDA}} EN LA BASE DE DATOS
[WED FEB 18 16:37:10 BOT 2015] INICIO DEL PROGRAMA
[WED FEB 18 16:43:35 BOT 2015] INICIO DEL PROGRAMA
[WED FEB 18 16:43:47 BOT 2015] ESPECIALIDAD ESPECIALIDAD{ID_ES=1, NOMBRE=MEDICINA GENERAL, COSTO=50.0} DESACTIVADA PARA EL USUARIOUSUARIO{ID=2, USER=ADMIN, ESTADO=1, PERSONA=PERSONA{CI:5822389, NOMBRE:GREGORIO VARGAS MIRANDA}} EN LA BASE DE DATOS
[WED FEB 18 16:44:05 BOT 2015] ESPECIALIDAD ESPECIALIDAD{ID_ES=1, NOMBRE=MEDICINA GENERAL, COSTO=50.0} DESACTIVADA PARA EL USUARIOUSUARIO{ID=2, USER=ADMIN, ESTADO=1, PERSONA=PERSONA{CI:5822389, NOMBRE:GREGORIO VARGAS MIRANDA}} EN LA BASE DE DATOS
[WED FEB 18 16:47:42 BOT 2015] ESPECIALIDAD ESPECIALIDAD{ID_ES=1, NOMBRE=MEDICINA GENERAL, COSTO=50.0} DESACTIVADA PARA EL USUARIOUSUARIO{ID=2, USER=ADMIN, ESTADO=1, PERSONA=PERSONA{CI:5822389, NOMBRE:GREGORIO VARGAS MIRANDA}} EN LA BASE DE DATOS
[WED FEB 18 16:48:09 BOT 2015] INICIO DEL PROGRAMA
[WED FEB 18 16:48:17 BOT 2015] ESPECIALIDAD ESPECIALIDAD{ID_ES=1, NOMBRE=MEDICINA GENERAL, COSTO=50.0} DESACTIVADA PARA EL USUARIOUSUARIO{ID=2, USER=ADMIN, ESTADO=1, PERSONA=PERSONA{CI:5822389, NOMBRE:GREGORIO VARGAS MIRANDA}} EN LA BASE DE DATOS
[WED FEB 18 19:17:44 BOT 2015] INICIO DEL PROGRAMA
[WED FEB 18 19:18:30 BOT 2015] INICIO DEL PROGRAMA
[WED FEB 18 19:18:40 BOT 2015] ESPECIALIDAD ESPECIALIDAD{ID_ES=1, NOMBRE=MEDICINA GENERAL, COSTO=50.0} DESACTIVADA PARA EL USUARIOUSUARIO{ID=2, USER=ADMIN, ESTADO=1, PERSONA=PERSONA{CI:5822389, NOMBRE:GREGORIO VARGAS MIRANDA}} EN LA BASE DE DATOS
[WED FEB 18 19:27:05 BOT 2015] INICIO DEL PROGRAMA
[WED FEB 18 19:27:13 BOT 2015] ESPECIALIDAD ESPECIALIDAD{ID_ES=1, NOMBRE=MEDICINA GENERAL, COSTO=50.0} ACTIVADA PARA EL USUARIOUSUARIO{ID=2, USER=ADMIN, ESTADO=1, PERSONA=PERSONA{CI:5822389, NOMBRE:GREGORIO VARGAS MIRANDA}} EN LA BASE DE DATOS
[WED FEB 18 19:27:19 BOT 2015] ESPECIALIDAD ESPECIALIDAD{ID_ES=1, NOMBRE=MEDICINA GENERAL, COSTO=50.0} DESACTIVADA PARA EL USUARIOUSUARIO{ID=2, USER=ADMIN, ESTADO=1, PERSONA=PERSONA{CI:5822389, NOMBRE:GREGORIO VARGAS MIRANDA}} EN LA BASE DE DATOS
[WED FEB 18 19:31:05 BOT 2015] INICIO DEL PROGRAMA
[WED FEB 18 19:31:25 BOT 2015] ERROR: SE INTENTO REGISTRAR UNA ESPECIALIDAD A UN USUARIO NO VALIDO
[WED FEB 18 19:32:25 BOT 2015] ESPECIALIDAD ESPECIALIDAD{ID_ES=3, NOMBRE=PEDIATRIA, COSTO=50.0} REGISTRADA PARA EL USUARIOUSUARIO{ID=1, USER=GAVO, ESTADO=1, PERSONA=PERSONA{CI:5880069, NOMBRE:GUSTAVO VARGAS MIRANDA}} EN LA BASE DE DATOS
[WED FEB 18 19:32:52 BOT 2015] ESPECIALIDAD ESPECIALIDAD{ID_ES=3, NOMBRE=PEDIATRIA, COSTO=50.0} REGISTRADA PARA EL USUARIOUSUARIO{ID=2, USER=ADMIN, ESTADO=1, PERSONA=PERSONA{CI:5822389, NOMBRE:GREGORIO VARGAS MIRANDA}} EN LA BASE DE DATOS
